Log file open, 01/11/19 17:18:04
LogWindows: Failed to load 'aqProf.dll' (GetLastError=126)
LogWindows: File 'aqProf.dll' does not exist
LogWindows: Failed to load 'VtuneApi.dll' (GetLastError=126)
LogWindows: File 'VtuneApi.dll' does not exist
LogWindows: Failed to load 'VtuneApi32e.dll' (GetLastError=126)
LogWindows: File 'VtuneApi32e.dll' does not exist
LogConsoleResponse: Display: Failed to find resolution value strings in scalability ini. Falling back to default.
LogInit: Display: Running engine for game: HeroicElite
LogPakFile: Registered encryption key '00000000000000000000000000000000': 0 pak files mounted, 0 remain pending
LogPlatformFile: Not using cached read wrapper
LogTaskGraph: Started task graph with 5 named threads and 23 total threads with 3 sets of task threads.
LogStats: Stats thread started at 0.313510
LogD3D11RHI: Loaded GFSDK_Aftermath_Lib.x64.dll
LogICUInternationalization: ICU TimeZone Detection - Raw Offset: -5:00, Platform Override: ''
LogPluginManager: Mounting plugin Paper2D
LogPluginManager: Mounting plugin AISupport
LogPluginManager: Mounting plugin LightPropagationVolume
LogPluginManager: Mounting plugin ActorLayerUtilities
LogPluginManager: Mounting plugin CLionSourceCodeAccess
LogPluginManager: Mounting plugin CodeLiteSourceCodeAccess
LogPluginManager: Mounting plugin GitSourceControl
LogPluginManager: Mounting plugin KDevelopSourceCodeAccess
LogPluginManager: Mounting plugin NullSourceCodeAccess
LogPluginManager: Mounting plugin PerforceSourceControl
LogPluginManager: Mounting plugin SubversionSourceControl
LogPluginManager: Mounting plugin UObjectPlugin
LogPluginManager: Mounting plugin VisualStudioCodeSourceCodeAccess
LogPluginManager: Mounting plugin VisualStudioSourceCodeAccess
LogPluginManager: Mounting plugin XCodeSourceCodeAccess
LogPluginManager: Mounting plugin AssetManagerEditor
LogPluginManager: Mounting plugin CryptoKeys
LogPluginManager: Mounting plugin DataValidation
LogPluginManager: Mounting plugin FacialAnimation
LogPluginManager: Mounting plugin GameplayTagsEditor
LogPluginManager: Mounting plugin MacGraphicsSwitching
LogPluginManager: Mounting plugin MeshEditor
LogPluginManager: Mounting plugin MobileLauncherProfileWizard
LogPluginManager: Mounting plugin PluginBrowser
LogPluginManager: Mounting plugin SpeedTreeImporter
LogPluginManager: Mounting plugin DatasmithContent
LogPluginManager: Mounting plugin VariantManagerContent
LogPluginManager: Mounting plugin AlembicImporter
LogPluginManager: Mounting plugin AppleImageUtils
LogPluginManager: Mounting plugin AppleVision
LogPluginManager: Mounting plugin BackChannel
LogPluginManager: Mounting plugin CharacterAI
LogPluginManager: Mounting plugin GeometryCache
LogPluginManager: Mounting plugin HTML5Networking
LogPluginManager: Mounting plugin ProxyLODPlugin
LogPluginManager: Mounting plugin MagicLeap
LogPluginManager: Mounting plugin MagicLeapMedia
LogPluginManager: Mounting plugin AndroidMedia
LogPluginManager: Mounting plugin AvfMedia
LogPluginManager: Mounting plugin ImgMedia
LogPluginManager: Mounting plugin LinearTimecode
LogPluginManager: Mounting plugin MediaCompositing
LogPluginManager: Mounting plugin MediaPlayerEditor
LogPluginManager: Mounting plugin WebMMedia
LogPluginManager: Mounting plugin WmfMedia
LogPluginManager: Mounting plugin TcpMessaging
LogPluginManager: Mounting plugin UdpMessaging
LogPluginManager: Mounting plugin ActorSequence
LogPluginManager: Mounting plugin LevelSequenceEditor
LogPluginManager: Mounting plugin MatineeToLevelSequence
LogPluginManager: Mounting plugin NetcodeUnitTest
LogPluginManager: Mounting plugin NUTUnrealEngine4
LogPluginManager: Mounting plugin OnlineSubsystemGooglePlay
LogPluginManager: Mounting plugin OnlineSubsystemIOS
LogPluginManager: Mounting plugin OnlineSubsystem
LogPluginManager: Mounting plugin OnlineSubsystemNull
LogPluginManager: Mounting plugin OnlineSubsystemUtils
LogPluginManager: Mounting plugin LauncherChunkInstaller
LogPluginManager: Mounting plugin AndroidDeviceProfileSelector
LogPluginManager: Mounting plugin AndroidMoviePlayer
LogPluginManager: Mounting plugin AndroidPermission
LogPluginManager: Mounting plugin AppleMoviePlayer
LogPluginManager: Mounting plugin ArchVisCharacter
LogPluginManager: Mounting plugin AudioCapture
LogPluginManager: Mounting plugin CableComponent
LogPluginManager: Mounting plugin CustomMeshComponent
LogPluginManager: Mounting plugin EditableMesh
LogPluginManager: Mounting plugin ExampleDeviceProfileSelector
LogPluginManager: Mounting plugin Firebase
LogPluginManager: Mounting plugin GoogleCloudMessaging
LogPluginManager: Mounting plugin IOSDeviceProfileSelector
LogPluginManager: Mounting plugin LinuxDeviceProfileSelector
LogPluginManager: Mounting plugin LocationServicesBPLibrary
LogPluginManager: Mounting plugin MobilePatchingUtils
LogPluginManager: Mounting plugin OculusVR
LogPluginManager: Mounting plugin PhysXVehicles
LogPluginManager: Mounting plugin ProceduralMeshComponent
LogPluginManager: Mounting plugin RuntimePhysXCooking
LogPluginManager: Mounting plugin SteamVR
LogPluginManager: Mounting plugin WebMMoviePlayer
LogPluginManager: Mounting plugin WindowsMoviePlayer
LogStreaming: Display: Took  0.077s to configure plugins.
LogInit: Using libcurl 7.55.1-DEV
LogInit:  - built for x86_64-pc-win32
LogInit:  - supports SSL with OpenSSL/1.0.2h
LogInit:  - supports HTTP deflate (compression) using libz 1.2.8
LogInit:  - other features:
LogInit:      CURL_VERSION_SSL
LogInit:      CURL_VERSION_LIBZ
LogInit:      CURL_VERSION_IPV6
LogInit:      CURL_VERSION_ASYNCHDNS
LogInit:      CURL_VERSION_LARGEFILE
LogInit:      CURL_VERSION_IDN
LogInit:  CurlRequestOptions (configurable via config and command line):
LogInit:  - bVerifyPeer = true  - Libcurl will verify peer certificate
LogInit:  - bUseHttpProxy = false  - Libcurl will NOT use HTTP proxy
LogInit:  - bDontReuseConnections = false  - Libcurl will reuse connections
LogInit:  - MaxHostConnections = 16  - Libcurl will limit the number of connections to a host
LogInit:  - LocalHostAddr = Default
LogInit:  - BufferSize = 65536
LogInit: WinSock: version 1.1 (2.2), MaxSocks=32767, MaxUdp=65467
LogInit: Build: ++UE4+Release-4.21-CL-4613538
LogInit: Engine Version: 4.21.1-4613538+++UE4+Release-4.21
LogInit: Compatible Engine Version: 4.21.0-4541578+++UE4+Release-4.21
LogInit: Net CL: 4541578
LogInit: OS: Windows 10 (), CPU: AMD FX(tm)-8350 Eight-Core Processor           , GPU: NVIDIA GeForce GTX 970
LogInit: Compiled (64-bit): Nov 30 2018 04:13:25
LogInit: Compiled with Visual C++: 19.13.26129.00
LogInit: Build Configuration: Development
LogInit: Branch Name: ++UE4+Release-4.21
LogInit: Command Line:  -EpicPortal -epicusername=LIANITUSdb -epicuserid=7e821535b6714543b5d6494fdd1d17c8 -epiclocale=en-US
LogInit: Base Directory: D:/Program Files/Epic Games/UE_4.21/Engine/Binaries/Win64/
LogInit: Installed Engine Build: 1
LogDevObjectVersion: Number of dev versions registered: 22
LogDevObjectVersion:   Dev-Blueprints (B0D832E4-1F89-4F0D-ACCF-7EB736FD4AA2): 10
LogDevObjectVersion:   Dev-Build (E1C64328-A22C-4D53-A36C-8E866417BD8C): 0
LogDevObjectVersion:   Dev-Core (375EC13C-06E4-48FB-B500-84F0262A717E): 2
LogDevObjectVersion:   Dev-Editor (E4B068ED-F494-42E9-A231-DA0B2E46BB41): 26
LogDevObjectVersion:   Dev-Framework (CFFC743F-43B0-4480-9391-14DF171D2073): 34
LogDevObjectVersion:   Dev-Mobile (B02B49B5-BB20-44E9-A304-32B752E40360): 2
LogDevObjectVersion:   Dev-Networking (A4E4105C-59A1-49B5-A7C5-40C4547EDFEE): 0
LogDevObjectVersion:   Dev-Online (39C831C9-5AE6-47DC-9A44-9C173E1C8E7C): 0
LogDevObjectVersion:   Dev-Physics (78F01B33-EBEA-4F98-B9B4-84EACCB95AA2): 0
LogDevObjectVersion:   Dev-Platform (6631380F-2D4D-43E0-8009-CF276956A95A): 0
LogDevObjectVersion:   Dev-Rendering (12F88B9F-8875-4AFC-A67C-D90C383ABD29): 27
LogDevObjectVersion:   Dev-Sequencer (7B5AE74C-D270-4C10-A958-57980B212A5A): 9
LogDevObjectVersion:   Dev-VR (D7296918-1DD6-4BDD-9DE2-64A83CC13884): 2
LogDevObjectVersion:   Dev-LoadTimes (C2A15278-BFE7-4AFE-6C17-90FF531DF755): 1
LogDevObjectVersion:   Private-Geometry (6EACA3D4-40EC-4CC1-B786-8BED09428FC5): 3
LogDevObjectVersion:   Dev-AnimPhys (29E575DD-E0A3-4627-9D10-D276232CDCEA): 17
LogDevObjectVersion:   Dev-Anim (AF43A65D-7FD3-4947-9873-3E8ED9C1BB05): 2
LogDevObjectVersion:   Dev-ReflectionCapture (6B266CEC-1EC7-4B8F-A30B-E4D90942FC07): 1
LogDevObjectVersion:   Dev-Automation (0DF73D61-A23F-47EA-B727-89E90C41499A): 1
LogDevObjectVersion:   FortniteMain (601D1886-AC64-4F84-AA16-D3DE0DEAC7D6): 17
LogDevObjectVersion:   Dev-Enterprise (9DFFBCD6-494F-0158-E221-12823C92A888): 4
LogDevObjectVersion:   Dev-Niagara (F2AED0AC-9AFE-416F-8664-AA7FFA26D6FC): 1
LogStreaming: Display: Took  0.000s to delete old logs.
LogInit: Presizing for max 8388607 objects, including 0 objects not considered by GC, pre-allocating 0 bytes for permanent pool.
LogInit: Object subsystem initialized
LogConfig: Setting CVar [[con.DebugEarlyDefault:1]]
LogConfig: Setting CVar [[r.setres:1280x720]]
[2019.01.11-22.18.04:569][  0]LogConfig: Setting CVar [[r.VSync:0]]
[2019.01.11-22.18.04:569][  0]LogConfig: Setting CVar [[r.RHICmdBypass:0]]
[2019.01.11-22.18.04:569][  0]LogConfig: Applying CVar settings from Section [/Script/Engine.RendererSettings] File [D:/Documents/GitHub/HeroicElite/Saved/Config/Windows/Engine.ini]
[2019.01.11-22.18.04:569][  0]LogConfig: Setting CVar [[r.GPUCrashDebugging:0]]
[2019.01.11-22.18.04:569][  0]LogConfig: Applying CVar settings from Section [/Script/Engine.RendererOverrideSettings] File [D:/Documents/GitHub/HeroicElite/Saved/Config/Windows/Engine.ini]
[2019.01.11-22.18.04:569][  0]LogConfig: Applying CVar settings from Section [/Script/Engine.StreamingSettings] File [D:/Documents/GitHub/HeroicElite/Saved/Config/Windows/Engine.ini]
[2019.01.11-22.18.04:569][  0]LogConfig: Setting CVar [[s.MinBulkDataSizeForAsyncLoading:131072]]
[2019.01.11-22.18.04:569][  0]LogConfig: Setting CVar [[s.AsyncLoadingThreadEnabled:0]]
[2019.01.11-22.18.04:569][  0]LogConfig: Setting CVar [[s.EventDrivenLoaderEnabled:1]]
[2019.01.11-22.18.04:569][  0]LogConfig: Setting CVar [[s.WarnIfTimeLimitExceeded:0]]
[2019.01.11-22.18.04:569][  0]LogConfig: Setting CVar [[s.TimeLimitExceededMultiplier:1.5]]
[2019.01.11-22.18.04:569][  0]LogConfig: Setting CVar [[s.TimeLimitExceededMinTime:0.005]]
[2019.01.11-22.18.04:569][  0]LogConfig: Setting CVar [[s.UseBackgroundLevelStreaming:1]]
[2019.01.11-22.18.04:569][  0]LogConfig: Setting CVar [[s.PriorityAsyncLoadingExtraTime:15.0]]
[2019.01.11-22.18.04:569][  0]LogConfig: Setting CVar [[s.LevelStreamingActorsUpdateTimeLimit:5.0]]
[2019.01.11-22.18.04:569][  0]LogConfig: Setting CVar [[s.PriorityLevelStreamingActorsUpdateExtraTime:5.0]]
[2019.01.11-22.18.04:569][  0]LogConfig: Setting CVar [[s.LevelStreamingComponentsRegistrationGranularity:10]]
[2019.01.11-22.18.04:569][  0]LogConfig: Setting CVar [[s.UnregisterComponentsTimeLimit:1.0]]
[2019.01.11-22.18.04:569][  0]LogConfig: Setting CVar [[s.LevelStreamingComponentsUnregistrationGranularity:5]]
[2019.01.11-22.18.04:569][  0]LogConfig: Applying CVar settings from Section [/Script/Engine.GarbageCollectionSettings] File [D:/Documents/GitHub/HeroicElite/Saved/Config/Windows/Engine.ini]
[2019.01.11-22.18.04:569][  0]LogConfig: Setting CVar [[gc.MaxObjectsNotConsideredByGC:1]]
[2019.01.11-22.18.04:569][  0]LogConfig: Setting CVar [[gc.SizeOfPermanentObjectPool:0]]
[2019.01.11-22.18.04:569][  0]LogConfig: Setting CVar [[gc.FlushStreamingOnGC:0]]
[2019.01.11-22.18.04:569][  0]LogConfig: Setting CVar [[gc.NumRetriesBeforeForcingGC:10]]
[2019.01.11-22.18.04:569][  0]LogConfig: Setting CVar [[gc.AllowParallelGC:1]]
[2019.01.11-22.18.04:569][  0]LogConfig: Setting CVar [[gc.TimeBetweenPurgingPendingKillObjects:61.1]]
[2019.01.11-22.18.04:569][  0]LogConfig: Setting CVar [[gc.MaxObjectsInEditor:8388607]]
[2019.01.11-22.18.04:569][  0]LogConfig: Setting CVar [[gc.IncrementalBeginDestroyEnabled:1]]
[2019.01.11-22.18.04:569][  0]LogConfig: Setting CVar [[gc.CreateGCClusters:1]]
[2019.01.11-22.18.04:569][  0]LogConfig: Setting CVar [[gc.MergeGCClusters:0]]
[2019.01.11-22.18.04:569][  0]LogConfig: Setting CVar [[gc.MinGCClusterSize:5]]
[2019.01.11-22.18.04:569][  0]LogConfig: Setting CVar [[gc.ActorClusteringEnabled:0]]
[2019.01.11-22.18.04:570][  0]LogConfig: Setting CVar [[gc.BlueprintClusteringEnabled:0]]
[2019.01.11-22.18.04:570][  0]LogConfig: Setting CVar [[gc.UseDisregardForGCOnDedicatedServers:0]]
[2019.01.11-22.18.04:570][  0]LogConfig: Applying CVar settings from Section [/Script/Engine.NetworkSettings] File [D:/Documents/GitHub/HeroicElite/Saved/Config/Windows/Engine.ini]
[2019.01.11-22.18.04:570][  0]LogConfig: Applying CVar settings from Section [/Script/UnrealEd.CookerSettings] File [D:/Documents/GitHub/HeroicElite/Saved/Config/Windows/Engine.ini]
[2019.01.11-22.18.04:588][  0]LogConfig: Applying CVar settings from Section [ViewDistanceQuality@3] File [D:/Documents/GitHub/HeroicElite/Saved/Config/Windows/Scalability.ini]
[2019.01.11-22.18.04:588][  0]LogConfig: Setting CVar [[r.SkeletalMeshLODBias:0]]
[2019.01.11-22.18.04:588][  0]LogConfig: Setting CVar [[r.ViewDistanceScale:1.0]]
[2019.01.11-22.18.04:588][  0]LogConfig: Applying CVar settings from Section [AntiAliasingQuality@3] File [D:/Documents/GitHub/HeroicElite/Saved/Config/Windows/Scalability.ini]
[2019.01.11-22.18.04:588][  0]LogConfig: Setting CVar [[r.PostProcessAAQuality:4]]
[2019.01.11-22.18.04:588][  0]LogConfig: Applying CVar settings from Section [ShadowQuality@3] File [D:/Documents/GitHub/HeroicElite/Saved/Config/Windows/Scalability.ini]
[2019.01.11-22.18.04:588][  0]LogConfig: Setting CVar [[r.LightFunctionQuality:1]]
[2019.01.11-22.18.04:588][  0]LogConfig: Setting CVar [[r.ShadowQuality:5]]
[2019.01.11-22.18.04:588][  0]LogConfig: Setting CVar [[r.Shadow.CSM.MaxCascades:10]]
[2019.01.11-22.18.04:588][  0]LogConfig: Setting CVar [[r.Shadow.MaxResolution:2048]]
[2019.01.11-22.18.04:588][  0]LogConfig: Setting CVar [[r.Shadow.MaxCSMResolution:2048]]
[2019.01.11-22.18.04:588][  0]LogConfig: Setting CVar [[r.Shadow.RadiusThreshold:0.01]]
[2019.01.11-22.18.04:588][  0]LogConfig: Setting CVar [[r.Shadow.DistanceScale:1.0]]
[2019.01.11-22.18.04:588][  0]LogConfig: Setting CVar [[r.Shadow.CSM.TransitionScale:1.0]]
[2019.01.11-22.18.04:588][  0]LogConfig: Setting CVar [[r.Shadow.PreShadowResolutionFactor:1.0]]
[2019.01.11-22.18.04:588][  0]LogConfig: Setting CVar [[r.DistanceFieldShadowing:1]]
[2019.01.11-22.18.04:588][  0]LogConfig: Setting CVar [[r.DistanceFieldAO:1]]
[2019.01.11-22.18.04:589][  0]LogConfig: Setting CVar [[r.AOQuality:2]]
[2019.01.11-22.18.04:589][  0]LogConfig: Setting CVar [[r.VolumetricFog:1]]
[2019.01.11-22.18.04:589][  0]LogConfig: Setting CVar [[r.VolumetricFog.GridPixelSize:8]]
[2019.01.11-22.18.04:589][  0]LogConfig: Setting CVar [[r.VolumetricFog.GridSizeZ:128]]
[2019.01.11-22.18.04:589][  0]LogConfig: Setting CVar [[r.VolumetricFog.HistoryMissSupersampleCount:4]]
[2019.01.11-22.18.04:589][  0]LogConfig: Setting CVar [[r.LightMaxDrawDistanceScale:1]]
[2019.01.11-22.18.04:589][  0]LogConfig: Setting CVar [[r.CapsuleShadows:1]]
[2019.01.11-22.18.04:589][  0]LogConfig: Applying CVar settings from Section [PostProcessQuality@3] File [D:/Documents/GitHub/HeroicElite/Saved/Config/Windows/Scalability.ini]
[2019.01.11-22.18.04:589][  0]LogConfig: Setting CVar [[r.MotionBlurQuality:4]]
[2019.01.11-22.18.04:589][  0]LogConfig: Setting CVar [[r.AmbientOcclusionMipLevelFactor:0.4]]
[2019.01.11-22.18.04:589][  0]LogConfig: Setting CVar [[r.AmbientOcclusionMaxQuality:100]]
[2019.01.11-22.18.04:589][  0]LogConfig: Setting CVar [[r.AmbientOcclusionLevels:-1]]
[2019.01.11-22.18.04:589][  0]LogConfig: Setting CVar [[r.AmbientOcclusionRadiusScale:1.0]]
[2019.01.11-22.18.04:589][  0]LogConfig: Setting CVar [[r.DepthOfFieldQuality:2]]
[2019.01.11-22.18.04:589][  0]LogConfig: Setting CVar [[r.RenderTargetPoolMin:400]]
[2019.01.11-22.18.04:589][  0]LogConfig: Setting CVar [[r.LensFlareQuality:2]]
[2019.01.11-22.18.04:589][  0]LogConfig: Setting CVar [[r.SceneColorFringeQuality:1]]
[2019.01.11-22.18.04:589][  0]LogConfig: Setting CVar [[r.EyeAdaptationQuality:2]]
[2019.01.11-22.18.04:589][  0]LogConfig: Setting CVar [[r.BloomQuality:5]]
[2019.01.11-22.18.04:589][  0]LogConfig: Setting CVar [[r.FastBlurThreshold:100]]
[2019.01.11-22.18.04:589][  0]LogConfig: Setting CVar [[r.Upscale.Quality:3]]
[2019.01.11-22.18.04:589][  0]LogConfig: Setting CVar [[r.Tonemapper.GrainQuantization:1]]
[2019.01.11-22.18.04:589][  0]LogConfig: Setting CVar [[r.LightShaftQuality:1]]
[2019.01.11-22.18.04:589][  0]LogConfig: Setting CVar [[r.Filter.SizeScale:1]]
[2019.01.11-22.18.04:589][  0]LogConfig: Setting CVar [[r.Tonemapper.Quality:5]]
[2019.01.11-22.18.04:589][  0]LogConfig: Setting CVar [[r.DOF.Gather.AccumulatorQuality:1        ; higher gathering accumulator quality]]
[2019.01.11-22.18.04:589][  0]LogConfig: Setting CVar [[r.DOF.Gather.PostfilterMethod:1          ; Median3x3 postfilering method]]
[2019.01.11-22.18.04:589][  0]LogConfig: Setting CVar [[r.DOF.Gather.EnableBokehSettings:0       ; no bokeh simulation when gathering]]
[2019.01.11-22.18.04:589][  0]LogConfig: Setting CVar [[r.DOF.Gather.RingCount:4                 ; medium number of samples when gathering]]
[2019.01.11-22.18.04:589][  0]LogConfig: Setting CVar [[r.DOF.Scatter.ForegroundCompositing:1    ; additive foreground scattering]]
[2019.01.11-22.18.04:589][  0]LogConfig: Setting CVar [[r.DOF.Scatter.BackgroundCompositing:2    ; additive background scattering]]
[2019.01.11-22.18.04:589][  0]LogConfig: Setting CVar [[r.DOF.Scatter.EnableBokehSettings:1      ; bokeh simulation when scattering]]
[2019.01.11-22.18.04:589][  0]LogConfig: Setting CVar [[r.DOF.Scatter.MaxSpriteRatio:0.1         ; only a maximum of 10% of scattered bokeh]]
[2019.01.11-22.18.04:589][  0]LogConfig: Setting CVar [[r.DOF.Recombine.Quality:1                ; cheap slight out of focus]]
[2019.01.11-22.18.04:589][  0]LogConfig: Setting CVar [[r.DOF.Recombine.EnableBokehSettings:0    ; no bokeh simulation on slight out of focus]]
[2019.01.11-22.18.04:589][  0]LogConfig: Setting CVar [[r.DOF.TemporalAAQuality:1                ; more stable temporal accumulation]]
[2019.01.11-22.18.04:589][  0]LogConfig: Setting CVar [[r.DOF.Kernel.MaxForegroundRadius:0.025]]
[2019.01.11-22.18.04:589][  0]LogConfig: Setting CVar [[r.DOF.Kernel.MaxBackgroundRadius:0.025]]
[2019.01.11-22.18.04:589][  0]LogConfig: Applying CVar settings from Section [TextureQuality@3] File [D:/Documents/GitHub/HeroicElite/Saved/Config/Windows/Scalability.ini]
[2019.01.11-22.18.04:589][  0]LogConfig: Setting CVar [[r.Streaming.MipBias:0]]
[2019.01.11-22.18.04:589][  0]LogConfig: Setting CVar [[r.Streaming.AmortizeCPUToGPUCopy:0]]
[2019.01.11-22.18.04:589][  0]LogConfig: Setting CVar [[r.Streaming.MaxNumTexturesToStreamPerFrame:0]]
[2019.01.11-22.18.04:589][  0]LogConfig: Setting CVar [[r.Streaming.Boost:1]]
[2019.01.11-22.18.04:589][  0]LogConfig: Setting CVar [[r.MaxAnisotropy:8]]
[2019.01.11-22.18.04:589][  0]LogConfig: Setting CVar [[r.Streaming.LimitPoolSizeToVRAM:0]]
[2019.01.11-22.18.04:589][  0]LogConfig: Setting CVar [[r.Streaming.PoolSize:1000]]
[2019.01.11-22.18.04:589][  0]LogConfig: Setting CVar [[r.Streaming.MaxEffectiveScreenSize:0]]
[2019.01.11-22.18.04:589][  0]LogConfig: Applying CVar settings from Section [EffectsQuality@3] File [D:/Documents/GitHub/HeroicElite/Saved/Config/Windows/Scalability.ini]
[2019.01.11-22.18.04:589][  0]LogConfig: Setting CVar [[r.TranslucencyLightingVolumeDim:64]]
[2019.01.11-22.18.04:589][  0]LogConfig: Setting CVar [[r.RefractionQuality:2]]
[2019.01.11-22.18.04:589][  0]LogConfig: Setting CVar [[r.SSR.Quality:3]]
[2019.01.11-22.18.04:589][  0]LogConfig: Setting CVar [[r.SceneColorFormat:4]]
[2019.01.11-22.18.04:589][  0]LogConfig: Setting CVar [[r.DetailMode:2]]
[2019.01.11-22.18.04:589][  0]LogConfig: Setting CVar [[r.TranslucencyVolumeBlur:1]]
[2019.01.11-22.18.04:589][  0]LogConfig: Setting CVar [[r.MaterialQualityLevel:1 ; High quality]]
[2019.01.11-22.18.04:589][  0]LogConfig: Setting CVar [[r.SSS.Scale:1]]
[2019.01.11-22.18.04:589][  0]LogConfig: Setting CVar [[r.SSS.SampleSet:2]]
[2019.01.11-22.18.04:590][  0]LogConfig: Setting CVar [[r.SSS.Quality:1]]
[2019.01.11-22.18.04:590][  0]LogConfig: Setting CVar [[r.SSS.HalfRes:1]]
[2019.01.11-22.18.04:590][  0]LogConfig: Setting CVar [[r.EmitterSpawnRateScale:1.0]]
[2019.01.11-22.18.04:590][  0]LogConfig: Setting CVar [[r.ParticleLightQuality:2]]
[2019.01.11-22.18.04:590][  0]LogConfig: Applying CVar settings from Section [FoliageQuality@3] File [D:/Documents/GitHub/HeroicElite/Saved/Config/Windows/Scalability.ini]
[2019.01.11-22.18.04:590][  0]LogConfig: Setting CVar [[foliage.DensityScale:1.0]]
[2019.01.11-22.18.04:590][  0]LogConfig: Setting CVar [[grass.DensityScale:1.0]]
[2019.01.11-22.18.04:590][  0]LogInit: Selected Device Profile: [Windows]
[2019.01.11-22.18.04:590][  0]LogInit: Applying CVar settings loaded from the selected device profile: [Windows]
[2019.01.11-22.18.04:603][  0]LogHAL: Display: Platform has ~ 16 GB [17123139584 / 17179869184 / 16], which maps to Larger [LargestMinGB=32, LargerMinGB=12, DefaultMinGB=8, SmallerMinGB=6, SmallestMinGB=0)
[2019.01.11-22.18.04:603][  0]LogConfig: Setting CVar [[r.Vulkan.UseRealUBs:1]]
[2019.01.11-22.18.04:603][  0]LogInit: Going up to parent DeviceProfile []
[2019.01.11-22.18.04:603][  0]LogConfig: Applying CVar settings from Section [ViewDistanceQuality@3] File [D:/Documents/GitHub/HeroicElite/Saved/Config/Windows/Scalability.ini]
[2019.01.11-22.18.04:603][  0]LogConfig: Setting CVar [[r.SkeletalMeshLODBias:0]]
[2019.01.11-22.18.04:603][  0]LogConfig: Setting CVar [[r.ViewDistanceScale:1.0]]
[2019.01.11-22.18.04:603][  0]LogConfig: Applying CVar settings from Section [AntiAliasingQuality@3] File [D:/Documents/GitHub/HeroicElite/Saved/Config/Windows/Scalability.ini]
[2019.01.11-22.18.04:603][  0]LogConfig: Setting CVar [[r.PostProcessAAQuality:4]]
[2019.01.11-22.18.04:603][  0]LogConfig: Applying CVar settings from Section [ShadowQuality@3] File [D:/Documents/GitHub/HeroicElite/Saved/Config/Windows/Scalability.ini]
[2019.01.11-22.18.04:603][  0]LogConfig: Setting CVar [[r.LightFunctionQuality:1]]
[2019.01.11-22.18.04:603][  0]LogConfig: Setting CVar [[r.ShadowQuality:5]]
[2019.01.11-22.18.04:603][  0]LogConfig: Setting CVar [[r.Shadow.CSM.MaxCascades:10]]
[2019.01.11-22.18.04:603][  0]LogConfig: Setting CVar [[r.Shadow.MaxResolution:2048]]
[2019.01.11-22.18.04:603][  0]LogConfig: Setting CVar [[r.Shadow.MaxCSMResolution:2048]]
[2019.01.11-22.18.04:603][  0]LogConfig: Setting CVar [[r.Shadow.RadiusThreshold:0.01]]
[2019.01.11-22.18.04:603][  0]LogConfig: Setting CVar [[r.Shadow.DistanceScale:1.0]]
[2019.01.11-22.18.04:603][  0]LogConfig: Setting CVar [[r.Shadow.CSM.TransitionScale:1.0]]
[2019.01.11-22.18.04:603][  0]LogConfig: Setting CVar [[r.Shadow.PreShadowResolutionFactor:1.0]]
[2019.01.11-22.18.04:603][  0]LogConfig: Setting CVar [[r.DistanceFieldShadowing:1]]
[2019.01.11-22.18.04:603][  0]LogConfig: Setting CVar [[r.DistanceFieldAO:1]]
[2019.01.11-22.18.04:603][  0]LogConfig: Setting CVar [[r.AOQuality:2]]
[2019.01.11-22.18.04:604][  0]LogConfig: Setting CVar [[r.VolumetricFog:1]]
[2019.01.11-22.18.04:604][  0]LogConfig: Setting CVar [[r.VolumetricFog.GridPixelSize:8]]
[2019.01.11-22.18.04:604][  0]LogConfig: Setting CVar [[r.VolumetricFog.GridSizeZ:128]]
[2019.01.11-22.18.04:604][  0]LogConfig: Setting CVar [[r.VolumetricFog.HistoryMissSupersampleCount:4]]
[2019.01.11-22.18.04:604][  0]LogConfig: Setting CVar [[r.LightMaxDrawDistanceScale:1]]
[2019.01.11-22.18.04:604][  0]LogConfig: Setting CVar [[r.CapsuleShadows:1]]
[2019.01.11-22.18.04:604][  0]LogConfig: Applying CVar settings from Section [PostProcessQuality@3] File [D:/Documents/GitHub/HeroicElite/Saved/Config/Windows/Scalability.ini]
[2019.01.11-22.18.04:604][  0]LogConfig: Setting CVar [[r.MotionBlurQuality:4]]
[2019.01.11-22.18.04:604][  0]LogConfig: Setting CVar [[r.AmbientOcclusionMipLevelFactor:0.4]]
[2019.01.11-22.18.04:604][  0]LogConfig: Setting CVar [[r.AmbientOcclusionMaxQuality:100]]
[2019.01.11-22.18.04:604][  0]LogConfig: Setting CVar [[r.AmbientOcclusionLevels:-1]]
[2019.01.11-22.18.04:604][  0]LogConfig: Setting CVar [[r.AmbientOcclusionRadiusScale:1.0]]
[2019.01.11-22.18.04:604][  0]LogConfig: Setting CVar [[r.DepthOfFieldQuality:2]]
[2019.01.11-22.18.04:604][  0]LogConfig: Setting CVar [[r.RenderTargetPoolMin:400]]
[2019.01.11-22.18.04:604][  0]LogConfig: Setting CVar [[r.LensFlareQuality:2]]
[2019.01.11-22.18.04:604][  0]LogConfig: Setting CVar [[r.SceneColorFringeQuality:1]]
[2019.01.11-22.18.04:604][  0]LogConfig: Setting CVar [[r.EyeAdaptationQuality:2]]
[2019.01.11-22.18.04:604][  0]LogConfig: Setting CVar [[r.BloomQuality:5]]
[2019.01.11-22.18.04:604][  0]LogConfig: Setting CVar [[r.FastBlurThreshold:100]]
[2019.01.11-22.18.04:604][  0]LogConfig: Setting CVar [[r.Upscale.Quality:3]]
[2019.01.11-22.18.04:604][  0]LogConfig: Setting CVar [[r.Tonemapper.GrainQuantization:1]]
[2019.01.11-22.18.04:604][  0]LogConfig: Setting CVar [[r.LightShaftQuality:1]]
[2019.01.11-22.18.04:604][  0]LogConfig: Setting CVar [[r.Filter.SizeScale:1]]
[2019.01.11-22.18.04:604][  0]LogConfig: Setting CVar [[r.Tonemapper.Quality:5]]
[2019.01.11-22.18.04:604][  0]LogConfig: Setting CVar [[r.DOF.Gather.AccumulatorQuality:1        ; higher gathering accumulator quality]]
[2019.01.11-22.18.04:604][  0]LogConfig: Setting CVar [[r.DOF.Gather.PostfilterMethod:1          ; Median3x3 postfilering method]]
[2019.01.11-22.18.04:604][  0]LogConfig: Setting CVar [[r.DOF.Gather.EnableBokehSettings:0       ; no bokeh simulation when gathering]]
[2019.01.11-22.18.04:604][  0]LogConfig: Setting CVar [[r.DOF.Gather.RingCount:4                 ; medium number of samples when gathering]]
[2019.01.11-22.18.04:604][  0]LogConfig: Setting CVar [[r.DOF.Scatter.ForegroundCompositing:1    ; additive foreground scattering]]
[2019.01.11-22.18.04:604][  0]LogConfig: Setting CVar [[r.DOF.Scatter.BackgroundCompositing:2    ; additive background scattering]]
[2019.01.11-22.18.04:604][  0]LogConfig: Setting CVar [[r.DOF.Scatter.EnableBokehSettings:1      ; bokeh simulation when scattering]]
[2019.01.11-22.18.04:604][  0]LogConfig: Setting CVar [[r.DOF.Scatter.MaxSpriteRatio:0.1         ; only a maximum of 10% of scattered bokeh]]
[2019.01.11-22.18.04:604][  0]LogConfig: Setting CVar [[r.DOF.Recombine.Quality:1                ; cheap slight out of focus]]
[2019.01.11-22.18.04:604][  0]LogConfig: Setting CVar [[r.DOF.Recombine.EnableBokehSettings:0    ; no bokeh simulation on slight out of focus]]
[2019.01.11-22.18.04:604][  0]LogConfig: Setting CVar [[r.DOF.TemporalAAQuality:1                ; more stable temporal accumulation]]
[2019.01.11-22.18.04:604][  0]LogConfig: Setting CVar [[r.DOF.Kernel.MaxForegroundRadius:0.025]]
[2019.01.11-22.18.04:604][  0]LogConfig: Setting CVar [[r.DOF.Kernel.MaxBackgroundRadius:0.025]]
[2019.01.11-22.18.04:604][  0]LogConfig: Applying CVar settings from Section [TextureQuality@3] File [D:/Documents/GitHub/HeroicElite/Saved/Config/Windows/Scalability.ini]
[2019.01.11-22.18.04:604][  0]LogConfig: Setting CVar [[r.Streaming.MipBias:0]]
[2019.01.11-22.18.04:604][  0]LogConfig: Setting CVar [[r.Streaming.AmortizeCPUToGPUCopy:0]]
[2019.01.11-22.18.04:604][  0]LogConfig: Setting CVar [[r.Streaming.MaxNumTexturesToStreamPerFrame:0]]
[2019.01.11-22.18.04:604][  0]LogConfig: Setting CVar [[r.Streaming.Boost:1]]
[2019.01.11-22.18.04:604][  0]LogConfig: Setting CVar [[r.MaxAnisotropy:8]]
[2019.01.11-22.18.04:604][  0]LogConfig: Setting CVar [[r.Streaming.LimitPoolSizeToVRAM:0]]
[2019.01.11-22.18.04:604][  0]LogConfig: Setting CVar [[r.Streaming.PoolSize:1000]]
[2019.01.11-22.18.04:604][  0]LogConfig: Setting CVar [[r.Streaming.MaxEffectiveScreenSize:0]]
[2019.01.11-22.18.04:604][  0]LogConfig: Applying CVar settings from Section [EffectsQuality@3] File [D:/Documents/GitHub/HeroicElite/Saved/Config/Windows/Scalability.ini]
[2019.01.11-22.18.04:604][  0]LogConfig: Setting CVar [[r.TranslucencyLightingVolumeDim:64]]
[2019.01.11-22.18.04:604][  0]LogConfig: Setting CVar [[r.RefractionQuality:2]]
[2019.01.11-22.18.04:604][  0]LogConfig: Setting CVar [[r.SSR.Quality:3]]
[2019.01.11-22.18.04:604][  0]LogConfig: Setting CVar [[r.SceneColorFormat:4]]
[2019.01.11-22.18.04:605][  0]LogConfig: Setting CVar [[r.DetailMode:2]]
[2019.01.11-22.18.04:605][  0]LogConfig: Setting CVar [[r.TranslucencyVolumeBlur:1]]
[2019.01.11-22.18.04:605][  0]LogConfig: Setting CVar [[r.MaterialQualityLevel:1 ; High quality]]
[2019.01.11-22.18.04:605][  0]LogConfig: Setting CVar [[r.SSS.Scale:1]]
[2019.01.11-22.18.04:605][  0]LogConfig: Setting CVar [[r.SSS.SampleSet:2]]
[2019.01.11-22.18.04:605][  0]LogConfig: Setting CVar [[r.SSS.Quality:1]]
[2019.01.11-22.18.04:605][  0]LogConfig: Setting CVar [[r.SSS.HalfRes:1]]
[2019.01.11-22.18.04:605][  0]LogConfig: Setting CVar [[r.EmitterSpawnRateScale:1.0]]
[2019.01.11-22.18.04:605][  0]LogConfig: Setting CVar [[r.ParticleLightQuality:2]]
[2019.01.11-22.18.04:605][  0]LogConfig: Applying CVar settings from Section [FoliageQuality@3] File [D:/Documents/GitHub/HeroicElite/Saved/Config/Windows/Scalability.ini]
[2019.01.11-22.18.04:605][  0]LogConfig: Setting CVar [[foliage.DensityScale:1.0]]
[2019.01.11-22.18.04:605][  0]LogConfig: Setting CVar [[grass.DensityScale:1.0]]
[2019.01.11-22.18.04:605][  0]LogConfig: Applying CVar settings from Section [Startup] File [../../../Engine/Config/ConsoleVariables.ini]
[2019.01.11-22.18.04:605][  0]LogConfig: Setting CVar [[net.UseAdaptiveNetUpdateFrequency:0]]
[2019.01.11-22.18.04:605][  0]LogConfig: Applying CVar settings from Section [ConsoleVariables] File [D:/Documents/GitHub/HeroicElite/Saved/Config/Windows/Engine.ini]
[2019.01.11-22.18.04:605][  0]LogInit: Computer: DESKTOP-KM596KC
[2019.01.11-22.18.04:605][  0]LogInit: User: Derek
[2019.01.11-22.18.04:605][  0]LogInit: CPU Page size=4096, Cores=4
[2019.01.11-22.18.04:605][  0]LogInit: High frequency timer resolution =10.000000 MHz
[2019.01.11-22.18.04:606][  0]LogMemory: Memory total: Physical=15.9GB (16GB approx)
[2019.01.11-22.18.04:606][  0]LogMemory: Platform Memory Stats for Windows
[2019.01.11-22.18.04:606][  0]LogMemory: Process Physical Memory: 101.82 MB used, 101.82 MB peak
[2019.01.11-22.18.04:606][  0]LogMemory: Process Virtual Memory: 91.17 MB used, 91.17 MB peak
[2019.01.11-22.18.04:606][  0]LogMemory: Physical Memory: 7171.08 MB used,  9158.82 MB free, 16329.90 MB total
[2019.01.11-22.18.04:606][  0]LogMemory: Virtual Memory: 4638.36 MB used,  134213088.00 MB free, 134217728.00 MB total
[2019.01.11-22.18.04:634][  0]LogInit: Using OS detected language (en-US).
[2019.01.11-22.18.04:634][  0]LogInit: Using OS detected locale (en-US).
[2019.01.11-22.18.04:636][  0]LogTextLocalizationManager: No specific localization for 'en-US' exists, so the 'en' localization will be used.
[2019.01.11-22.18.05:084][  0]LogStreaming: Display: Took  0.450s to InitEngineTextLocalization.
[2019.01.11-22.18.05:085][  0]LogInit: Setting process to per monitor DPI aware
[2019.01.11-22.18.05:150][  0]LogSlate: New Slate User Created.  User Index 0, Is Virtual User: 0
[2019.01.11-22.18.05:150][  0]LogSlate: Slate User Registered.  User Index 0, Is Virtual User: 0
[2019.01.11-22.18.05:436][  0]LogHMD: Failed to initialize OpenVR with code 110
[2019.01.11-22.18.05:436][  0]LogD3D11RHI: D3D11 adapters:
[2019.01.11-22.18.05:521][  0]LogD3D11RHI:    0. 'NVIDIA GeForce GTX 970' (Feature Level 11_0)
[2019.01.11-22.18.05:521][  0]LogD3D11RHI:       4043/0/8164 MB DedicatedVideo/DedicatedSystem/SharedSystem, Outputs:2, VendorId:0x10de
[2019.01.11-22.18.05:525][  0]LogD3D11RHI:    1. 'Microsoft Basic Render Driver' (Feature Level 11_0)
[2019.01.11-22.18.05:525][  0]LogD3D11RHI:       0/0/8164 MB DedicatedVideo/DedicatedSystem/SharedSystem, Outputs:0, VendorId:0x1414
[2019.01.11-22.18.05:525][  0]LogD3D11RHI: Chosen D3D11 Adapter: 0
[2019.01.11-22.18.05:535][  0]LogD3D11RHI: Creating new Direct3DDevice
[2019.01.11-22.18.05:535][  0]LogD3D11RHI:     GPU DeviceId: 0x13c2 (for the marketing name, search the web for "GPU Device Id")
[2019.01.11-22.18.05:535][  0]LogWindows: EnumDisplayDevices:
[2019.01.11-22.18.05:535][  0]LogWindows:    0. 'NVIDIA GeForce GTX 970' (P:1 D:1)
[2019.01.11-22.18.05:535][  0]LogWindows:    1. 'NVIDIA GeForce GTX 970' (P:0 D:1)
[2019.01.11-22.18.05:536][  0]LogWindows:    2. 'NVIDIA GeForce GTX 970' (P:0 D:0)
[2019.01.11-22.18.05:536][  0]LogWindows:    3. 'NVIDIA GeForce GTX 970' (P:0 D:0)
[2019.01.11-22.18.05:537][  0]LogWindows: DebugString: FoundDriverCount:4 
[2019.01.11-22.18.05:537][  0]LogD3D11RHI:     Adapter Name: NVIDIA GeForce GTX 970
[2019.01.11-22.18.05:537][  0]LogD3D11RHI:   Driver Version: 417.35 (internal:25.21.14.1735, unified:417.35)
[2019.01.11-22.18.05:537][  0]LogD3D11RHI:      Driver Date: 12-11-2018
[2019.01.11-22.18.05:537][  0]LogRHI: Texture pool is 2830 MB (70% of 4043 MB)
[2019.01.11-22.18.05:603][  0]LogD3D11RHI: Async texture creation enabled
[2019.01.11-22.18.05:622][  0]LogD3D11RHI: GPU Timing Frequency: 1000.000000 (Debug: 2 2)
[2019.01.11-22.18.06:028][  0]LogTemp: Display: Loaded TP AllDesktopTargetPlatform
[2019.01.11-22.18.06:046][  0]LogTemp: Display: Loaded TP MacClientTargetPlatform
[2019.01.11-22.18.06:066][  0]LogTemp: Display: Loaded TP MacNoEditorTargetPlatform
[2019.01.11-22.18.06:083][  0]LogTemp: Display: Loaded TP MacServerTargetPlatform
[2019.01.11-22.18.06:101][  0]LogTemp: Display: Loaded TP MacTargetPlatform
[2019.01.11-22.18.06:118][  0]LogTemp: Display: Loaded TP WindowsClientTargetPlatform
[2019.01.11-22.18.06:135][  0]LogTemp: Display: Loaded TP WindowsNoEditorTargetPlatform
[2019.01.11-22.18.06:153][  0]LogTemp: Display: Loaded TP WindowsServerTargetPlatform
[2019.01.11-22.18.06:161][  0]LogTemp: Display: Loaded TP WindowsTargetPlatform
[2019.01.11-22.18.06:265][  0]LogTemp: Display: Loaded TP AndroidTargetPlatform
[2019.01.11-22.18.06:265][  0]LogTemp: Display: Loaded TP AndroidTargetPlatform
[2019.01.11-22.18.06:265][  0]LogTemp: Display: Loaded TP AndroidTargetPlatform
[2019.01.11-22.18.06:265][  0]LogTemp: Display: Loaded TP AndroidTargetPlatform
[2019.01.11-22.18.06:265][  0]LogTemp: Display: Loaded TP AndroidTargetPlatform
[2019.01.11-22.18.06:265][  0]LogTemp: Display: Loaded TP AndroidTargetPlatform
[2019.01.11-22.18.06:265][  0]LogTemp: Display: Loaded TP AndroidTargetPlatform
[2019.01.11-22.18.06:265][  0]LogTemp: Display: Loaded TP AndroidTargetPlatform
[2019.01.11-22.18.06:265][  0]LogTemp: Display: Loaded TP AndroidTargetPlatform
[2019.01.11-22.18.06:265][  0]LogTemp: Display: Loaded TP AndroidTargetPlatform
[2019.01.11-22.18.06:265][  0]LogTemp: Display: Loaded TP AndroidTargetPlatform
[2019.01.11-22.18.06:265][  0]LogTemp: Display: Loaded TP AndroidTargetPlatform
[2019.01.11-22.18.06:265][  0]LogTemp: Display: Loaded TP AndroidTargetPlatform
[2019.01.11-22.18.06:265][  0]LogTemp: Display: Loaded TP AndroidTargetPlatform
[2019.01.11-22.18.06:265][  0]LogTemp: Display: Loaded TP AndroidTargetPlatform
[2019.01.11-22.18.06:265][  0]LogTemp: Display: Loaded TP AndroidTargetPlatform
[2019.01.11-22.18.06:265][  0]LogTemp: Display: Loaded TP AndroidTargetPlatform
[2019.01.11-22.18.06:265][  0]LogTemp: Display: Loaded TP AndroidTargetPlatform
[2019.01.11-22.18.06:267][  0]LogTemp: Display: Loaded TP HTML5TargetPlatform
[2019.01.11-22.18.06:339][  0]LogTemp: Display: Loaded TP IOSTargetPlatform
[2019.01.11-22.18.06:339][  0]LogTemp: Display: Loaded TP IOSTargetPlatform
[2019.01.11-22.18.06:374][  0]LogTemp: Display: Loaded TP TVOSTargetPlatform
[2019.01.11-22.18.06:374][  0]LogTemp: Display: Loaded TP TVOSTargetPlatform
[2019.01.11-22.18.06:391][  0]LogTemp: Display: Loaded TP LinuxClientTargetPlatform
[2019.01.11-22.18.06:408][  0]LogTemp: Display: Loaded TP LinuxNoEditorTargetPlatform
[2019.01.11-22.18.06:426][  0]LogTemp: Display: Loaded TP LinuxServerTargetPlatform
[2019.01.11-22.18.06:443][  0]LogTemp: Display: Loaded TP LinuxTargetPlatform
[2019.01.11-22.18.06:511][  0]LogTemp: Display: Loaded TP LuminTargetPlatform
[2019.01.11-22.18.06:512][  0]LogTemp: Display: Loaded TP LuminTargetPlatform
[2019.01.11-22.18.06:512][  0]LogTargetPlatformManager: Display: Building Assets For Windows
[2019.01.11-22.18.06:580][  0]LogShaderCompilers: Guid format shader working directory is -1 characters bigger than the processId version (../../../../../../Documents/GitHub/HeroicElite/Intermediate/Shaders/WorkingDirectory/16976/).
[2019.01.11-22.18.06:580][  0]LogShaderCompilers: Cleaned the shader compiler working directory 'C:/Users/Derek/AppData/Local/Temp/UnrealShaderWorkingDir/6C5B73BA49896AF07EDF56B064ED0A6B/'.
[2019.01.11-22.18.06:582][  0]LogXGEController: Cannot use XGE Controller as Incredibuild is not installed on this machine.
[2019.01.11-22.18.06:582][  0]LogShaderCompilers: Cannot use XGE Shader Compiler as Incredibuild is not installed on this machine.
[2019.01.11-22.18.06:582][  0]LogShaderCompilers: Display: Using Local Shader Compiler.
[2019.01.11-22.18.07:404][  0]LogDerivedDataCache: Display: Max Cache Size: 512 MB
[2019.01.11-22.18.07:482][  0]LogDerivedDataCache: Loaded boot cache 0.08s 79MB C:/Users/Derek/AppData/Local/UnrealEngine/4.21/DerivedDataCache/Boot.ddc.
[2019.01.11-22.18.07:482][  0]LogDerivedDataCache: Display: Loaded Boot cache: C:/Users/Derek/AppData/Local/UnrealEngine/4.21/DerivedDataCache/Boot.ddc
[2019.01.11-22.18.07:483][  0]LogDerivedDataCache: FDerivedDataBackendGraph:  Pak pak cache file ../../../../../../Documents/GitHub/HeroicElite/DerivedDataCache/DDC.ddp not found, will not use a pak cache.
[2019.01.11-22.18.07:483][  0]LogDerivedDataCache: Unable to find inner node Pak for hierarchical cache Hierarchy.
[2019.01.11-22.18.07:483][  0]LogDerivedDataCache: FDerivedDataBackendGraph:  CompressedPak pak cache file ../../../../../../Documents/GitHub/HeroicElite/DerivedDataCache/Compressed.ddp not found, will not use a pak cache.
[2019.01.11-22.18.07:483][  0]LogDerivedDataCache: Unable to find inner node CompressedPak for hierarchical cache Hierarchy.
[2019.01.11-22.18.07:499][  0]LogDerivedDataCache: Display: Pak cache opened for reading ../../../Engine/DerivedDataCache/Compressed.ddp.
[2019.01.11-22.18.07:499][  0]LogDerivedDataCache: FDerivedDataBackendGraph:  EnterprisePak pak cache file ../../../Enterprise/DerivedDataCache/Compressed.ddp not found, will not use a pak cache.
[2019.01.11-22.18.07:499][  0]LogDerivedDataCache: Unable to find inner node EnterprisePak for hierarchical cache Hierarchy.
[2019.01.11-22.18.07:512][  0]LogDerivedDataCache: Using Local data cache path C:/Users/Derek/AppData/Local/UnrealEngine/Common/DerivedDataCache: Writable
[2019.01.11-22.18.07:512][  0]LogDerivedDataCache: Shared data cache path not found in *engine.ini, will not use an Shared cache.
[2019.01.11-22.18.07:512][  0]LogDerivedDataCache: Unable to find inner node Shared for hierarchical cache Hierarchy.
[2019.01.11-22.18.07:547][  0]LogMaterial: Verifying Global Shaders for PCD3D_SM5
[2019.01.11-22.18.07:548][  0]LogSlate: Using FreeType 2.6.0
[2019.01.11-22.18.07:549][  0]LogSlate: SlateFontServices - WITH_FREETYPE: 1, WITH_HARFBUZZ: 1
[2019.01.11-22.18.07:669][  0]LogAssetRegistry: FAssetRegistry took 0.0389 seconds to start up
[2019.01.11-22.18.08:144][  0]LogInit: Selected Device Profile: [Windows]
[2019.01.11-22.18.08:338][  0]LogSimplygon: Simplygon DLL not present - disabling.
[2019.01.11-22.18.08:343][  0]LogMeshReduction: Using SimplygonSwarm for distributed automatic mesh merging
[2019.01.11-22.18.08:343][  0]LogMeshReduction: Using ProxyLODMeshReduction for automatic mesh merging
[2019.01.11-22.18.08:343][  0]LogMeshReduction: Using QuadricMeshReduction for automatic static mesh reduction
[2019.01.11-22.18.08:343][  0]LogMeshReduction: No automatic skeletal mesh reduction module available
[2019.01.11-22.18.08:360][  0]LogNetVersion: HeroicElite 1.0.0, NetCL: 4541578, EngineNetVer: 5, GameNetVer: 0 (Checksum: 1156729730)
[2019.01.11-22.18.09:010][  0]LogPackageLocalizationCache: Processed 11 localized package path(s) for 2 prioritized culture(s) in 0.094351 seconds
[2019.01.11-22.18.09:019][  0]LogUObjectArray: 39775 objects as part of root set at end of initial load.
[2019.01.11-22.18.09:019][  0]LogUObjectAllocator: 6914656 out of 0 bytes used by permanent object pool.
[2019.01.11-22.18.09:019][  0]LogUObjectArray: CloseDisregardForGC: 0/0 objects in disregard for GC pool
[2019.01.11-22.18.10:202][  0]LogTcpMessaging: Initializing TcpMessaging bridge
[2019.01.11-22.18.10:216][  0]LogUdpMessaging: Initializing bridge on interface 0.0.0.0:0 to multicast group 230.0.0.1:6666.
[2019.01.11-22.18.11:218][  0]SourceControl: Source control is disabled
[2019.01.11-22.18.11:219][  0]SourceControl: Source control is disabled
[2019.01.11-22.18.11:224][  0]SourceControl: Source control is disabled
[2019.01.11-22.18.11:225][  0]SourceControl: Source control is disabled
[2019.01.11-22.18.11:412][  0]LogAndroidPermission: UAndroidPermissionCallbackProxy::GetInstance
[2019.01.11-22.18.11:495][  0]LogOcInput: OculusInput pre-init called
[2019.01.11-22.18.11:653][  0]LogEngine: Initializing Engine...
[2019.01.11-22.18.11:654][  0]LogHMD: Failed to initialize OpenVR with code 110
[2019.01.11-22.18.11:656][  0]LogStats: UGameplayTagsManager::ConstructGameplayTagTree: ImportINI prefixes -  0.000 s
[2019.01.11-22.18.11:656][  0]LogStats: UGameplayTagsManager::ConstructGameplayTagTree: Construct from data asset -  0.000 s
[2019.01.11-22.18.11:656][  0]LogStats: UGameplayTagsManager::ConstructGameplayTagTree: ImportINI -  0.000 s
[2019.01.11-22.18.11:656][  0]LogStats: UGameplayTagsManager::ConstructGameplayTagTree: GameplayTagTreeChangedEvent.Broadcast -  0.000 s
[2019.01.11-22.18.11:940][  0]LogInit: Initializing FReadOnlyCVARCache
[2019.01.11-22.18.11:963][  0]LogAIModule: Creating AISystem for world Untitled
[2019.01.11-22.18.11:982][  0]LogInit: XAudio2 using 'Headset (SteelSeries Siberia Elite)' : 2 channels at 48 kHz using 16 bits per sample (channel mask 0x3)
[2019.01.11-22.18.12:008][  0]LogInit: FAudioDevice initialized.
[2019.01.11-22.18.12:009][  0]LogNetVersion: Set ProjectVersion to 1.0.0.0. Version Checksum will be recalculated on next use.
[2019.01.11-22.18.12:120][  0]LogDerivedDataCache: Saved boot cache 0.11s 79MB C:/Users/Derek/AppData/Local/UnrealEngine/4.21/DerivedDataCache/Boot.ddc.
[2019.01.11-22.18.12:126][  0]LogInit: Texture streaming: Enabled
[2019.01.11-22.18.12:148][  0]LogEngineSessionManager: EngineSessionManager initialized
[2019.01.11-22.18.12:164][  0]LogInit: Transaction tracking system initialized
[2019.01.11-22.18.12:192][  0]BlueprintLog: New page: Editor Load
[2019.01.11-22.18.12:282][  0]LocalizationService: Localization service is disabled
[2019.01.11-22.18.12:865][  0]LogFileCache: Scanning file cache for directory 'D:/Documents/GitHub/HeroicElite/Content/' took 0.02s
[2019.01.11-22.18.12:865][  0]LogCook: Display: Max memory allowance for cook 16384mb min free memory 0mb
[2019.01.11-22.18.12:865][  0]LogCook: Display: Mobile HDR setting 1
[2019.01.11-22.18.12:865][  0]LogGameplayTags: Display: UGameplayTagsManager::DoneAddingNativeTags. DelegateIsBound: 0
[2019.01.11-22.18.12:865][  0]LogStats: UGameplayTagsManager::ConstructGameplayTagTree: ImportINI prefixes -  0.000 s
[2019.01.11-22.18.12:865][  0]LogStats: UGameplayTagsManager::ConstructGameplayTagTree: Construct from data asset -  0.000 s
[2019.01.11-22.18.12:865][  0]LogStats: UGameplayTagsManager::ConstructGameplayTagTree: ImportINI -  0.000 s
[2019.01.11-22.18.12:865][  0]LogStats: UGameplayTagsManager::ConstructGameplayTagTree: GameplayTagTreeChangedEvent.Broadcast -  0.000 s
[2019.01.11-22.18.13:045][  0]SourceControl: Source control is disabled
[2019.01.11-22.18.13:046][  0]Cmd: MAP LOAD FILE="../../../../../../Documents/GitHub/HeroicElite/Content/ThirdPersonBP/Maps/ThirdPersonExampleMap.umap" TEMPLATE=0 SHOWPROGRESS=1 FEATURELEVEL=3
[2019.01.11-22.18.13:046][  0]LightingResults: New page: Lighting Build
[2019.01.11-22.18.13:050][  0]MapCheck: New page: Map Check
[2019.01.11-22.18.13:050][  0]LightingResults: New page: Lighting Build
[2019.01.11-22.18.13:684][  0]LogAIModule: Creating AISystem for world ThirdPersonExampleMap
[2019.01.11-22.18.13:708][  0]LogEditorServer: Finished looking for orphan Actors (0.000 secs)
[2019.01.11-22.18.13:817][  0]Cmd: MAP CHECKDEP NOCLEARLOG
[2019.01.11-22.18.13:818][  0]MapCheck: Map check complete: 0 Error(s), 0 Warning(s), took 0.127ms to complete.
[2019.01.11-22.18.13:818][  0]LogFileHelpers: Loading map 'ThirdPersonExampleMap' took 0.772
[2019.01.11-22.18.13:931][  0]LogSlate: Updating window title bar state: overlay mode, drag disabled, window buttons hidden, title bar hidden
[2019.01.11-22.18.13:941][  0]LogSlate: Updating window title bar state: overlay mode, drag disabled, window buttons hidden, title bar hidden
[2019.01.11-22.18.13:951][  0]LogSlate: Updating window title bar state: overlay mode, drag disabled, window buttons hidden, title bar hidden
[2019.01.11-22.18.13:960][  0]LogSlate: Updating window title bar state: overlay mode, drag disabled, window buttons hidden, title bar hidden
[2019.01.11-22.18.13:968][  0]LogCollectionManager: Loaded 0 collections in 0.002147 seconds
[2019.01.11-22.18.13:997][  0]LogFileCache: Scanning file cache for directory 'D:/Documents/GitHub/HeroicElite/Saved/Collections/' took 0.01s
[2019.01.11-22.18.13:997][  0]LogFileCache: Scanning file cache for directory 'D:/Documents/GitHub/HeroicElite/Content/Developers/Derek/Collections/' took 0.01s
[2019.01.11-22.18.13:997][  0]LogFileCache: Scanning file cache for directory 'D:/Documents/GitHub/HeroicElite/Content/Collections/' took 0.00s
[2019.01.11-22.18.13:998][  0]LogCollectionManager: Rebuilt the GUID cache for 0 collections in 0.000000 seconds
[2019.01.11-22.18.14:014][  0]LogContentBrowser: Native class hierarchy populated in 0.0165 seconds. Added 2651 classes and 620 folders.
[2019.01.11-22.18.14:022][  0]LogContentBrowser: Native class hierarchy updated for 'WidgetCarousel' in 0.0003 seconds. Added 0 classes and 0 folders.
[2019.01.11-22.18.14:024][  0]LogPakFile: Registered encryption key '00000000000000000000000000000000': 0 pak files mounted, 0 remain pending
[2019.01.11-22.18.14:025][  0]LogPakFile: Registered encryption key '00000000000000000000000000000000': 0 pak files mounted, 0 remain pending
[2019.01.11-22.18.14:025][  0]LogPakFile: Registered encryption key '00000000000000000000000000000000': 0 pak files mounted, 0 remain pending
[2019.01.11-22.18.14:026][  0]LogPakFile: Registered encryption key '00000000000000000000000000000000': 0 pak files mounted, 0 remain pending
[2019.01.11-22.18.14:026][  0]LogPakFile: Registered encryption key '00000000000000000000000000000000': 0 pak files mounted, 0 remain pending
[2019.01.11-22.18.14:027][  0]LogPakFile: Registered encryption key '00000000000000000000000000000000': 0 pak files mounted, 0 remain pending
[2019.01.11-22.18.14:027][  0]LogPakFile: Registered encryption key '00000000000000000000000000000000': 0 pak files mounted, 0 remain pending
[2019.01.11-22.18.14:028][  0]LogPakFile: Registered encryption key '00000000000000000000000000000000': 0 pak files mounted, 0 remain pending
[2019.01.11-22.18.14:029][  0]LogPakFile: Registered encryption key '00000000000000000000000000000000': 0 pak files mounted, 0 remain pending
[2019.01.11-22.18.14:029][  0]LogPakFile: Registered encryption key '00000000000000000000000000000000': 0 pak files mounted, 0 remain pending
[2019.01.11-22.18.14:030][  0]LogPakFile: Registered encryption key '00000000000000000000000000000000': 0 pak files mounted, 0 remain pending
[2019.01.11-22.18.14:031][  0]LogPakFile: Registered encryption key '00000000000000000000000000000000': 0 pak files mounted, 0 remain pending
[2019.01.11-22.18.14:031][  0]LogPakFile: Registered encryption key '00000000000000000000000000000000': 0 pak files mounted, 0 remain pending
[2019.01.11-22.18.14:032][  0]LogPakFile: Registered encryption key '00000000000000000000000000000000': 0 pak files mounted, 0 remain pending
[2019.01.11-22.18.14:033][  0]LogPakFile: Registered encryption key '00000000000000000000000000000000': 0 pak files mounted, 0 remain pending
[2019.01.11-22.18.14:033][  0]LogPakFile: Registered encryption key '00000000000000000000000000000000': 0 pak files mounted, 0 remain pending
[2019.01.11-22.18.14:034][  0]LogPakFile: Registered encryption key '00000000000000000000000000000000': 0 pak files mounted, 0 remain pending
[2019.01.11-22.18.14:034][  0]LogPakFile: Registered encryption key '00000000000000000000000000000000': 0 pak files mounted, 0 remain pending
[2019.01.11-22.18.14:035][  0]LogPakFile: Registered encryption key '00000000000000000000000000000000': 0 pak files mounted, 0 remain pending
[2019.01.11-22.18.14:036][  0]LogPakFile: Registered encryption key '00000000000000000000000000000000': 0 pak files mounted, 0 remain pending
[2019.01.11-22.18.14:037][  0]LogPakFile: Registered encryption key '00000000000000000000000000000000': 0 pak files mounted, 0 remain pending
[2019.01.11-22.18.14:037][  0]LogPakFile: Registered encryption key '00000000000000000000000000000000': 0 pak files mounted, 0 remain pending
[2019.01.11-22.18.14:038][  0]LogPakFile: Registered encryption key '00000000000000000000000000000000': 0 pak files mounted, 0 remain pending
[2019.01.11-22.18.14:039][  0]LogPakFile: Registered encryption key '00000000000000000000000000000000': 0 pak files mounted, 0 remain pending
[2019.01.11-22.18.14:039][  0]LogPakFile: Registered encryption key '00000000000000000000000000000000': 0 pak files mounted, 0 remain pending
[2019.01.11-22.18.14:040][  0]LogPakFile: Registered encryption key '00000000000000000000000000000000': 0 pak files mounted, 0 remain pending
[2019.01.11-22.18.14:099][  0]LogContentBrowser: Native class hierarchy updated for 'AddContentDialog' in 0.0003 seconds. Added 0 classes and 0 folders.
[2019.01.11-22.18.14:105][  0]LogContentBrowser: Native class hierarchy updated for 'SceneOutliner' in 0.0004 seconds. Added 1 classes and 2 folders.
[2019.01.11-22.18.14:124][  0]LogSlate: Took 0.000305 seconds to synchronously load lazily loaded font '../../../Engine/Content/Slate/Fonts/Roboto-Regular.ttf' (155K)
[2019.01.11-22.18.14:127][  0]LogSlate: Took 0.000323 seconds to synchronously load lazily loaded font '../../../Engine/Content/Slate/Fonts/Roboto-Bold.ttf' (160K)
[2019.01.11-22.18.14:134][  0]LogSlate: Took 0.000312 seconds to synchronously load lazily loaded font '../../../Engine/Content/Editor/Slate/Fonts/FontAwesome.ttf' (139K)
[2019.01.11-22.18.14:247][  0]LogRenderer: Reallocating scene render targets to support 1208x576 Format 10 NumSamples 1 (Frame:1).
[2019.01.11-22.18.14:365][  0]LogSlate: FSceneViewport::OnFocusLost() reason 2
[2019.01.11-22.18.14:384][  0]LogSlate: Window 'Tutorials' being destroyed
[2019.01.11-22.18.14:420][  0]LogContentBrowser: Native class hierarchy updated for 'HierarchicalLODOutliner' in 0.0003 seconds. Added 0 classes and 0 folders.
[2019.01.11-22.18.14:420][  0]LogLoad: (Engine Initialization) Total time: 12.26 seconds
[2019.01.11-22.18.14:420][  0]LogLoad: (Engine Initialization) Total Blueprint compile time: 0.00 seconds
[2019.01.11-22.18.14:431][  0]LogWindowsTextInputMethodSystem: Display: IME system now deactivated.
[2019.01.11-22.18.14:491][  0]LogContentStreaming: Texture pool size now 1000 MB
[2019.01.11-22.18.14:512][  0]LogSlate: Took 0.000247 seconds to synchronously load lazily loaded font '../../../Engine/Content/Slate/Fonts/Roboto-Light.ttf' (167K)
[2019.01.11-22.18.14:658][  3]LogAssetRegistry: Asset discovery search completed in 7.0117 seconds
[2019.01.11-22.18.14:660][  3]LogCollectionManager: Rebuilt the object cache for 0 collections in 0.000000 seconds (found 0 objects)
[2019.01.11-22.18.14:660][  3]LogCollectionManager: Fixed up redirectors for 0 collections in 0.000051 seconds (updated 0 objects)
[2019.01.11-22.19.02:933][732]LogSlate: FSceneViewport::OnFocusLost() reason 0
[2019.01.11-22.25.11:003][214]LogSlate: FSceneViewport::OnFocusLost() reason 0
[2019.01.11-22.25.21:339][438]LogSlate: FSceneViewport::OnFocusLost() reason 0
[2019.01.11-22.25.36:018][170]LogSlate: FSceneViewport::OnFocusLost() reason 0
[2019.01.11-22.25.43:173][ 24]LogSlate: FSceneViewport::OnFocusLost() reason 0
[2019.01.11-22.25.46:780][425]Cmd: BRUSH ADD SELECTNEWBRUSH
[2019.01.11-22.27.11:518][562]LogSlate: FSceneViewport::OnFocusLost() reason 0
[2019.01.11-22.27.22:915][893]Cmd: DELETE
[2019.01.11-22.27.22:915][893]Cmd: ACTOR DELETE
[2019.01.11-22.27.22:921][893]LogEditorActor: Deleted Actor: Brush
[2019.01.11-22.27.23:039][893]LogEditorActor: Deleted 1 Actors (0.124 secs)
[2019.01.11-22.27.53:971][592]LogSlate: FSceneViewport::OnFocusLost() reason 0
[2019.01.11-22.27.55:758][770]Cmd: BRUSH ADD SELECTNEWBRUSH
[2019.01.11-22.28.06:563][ 46]LogEditorViewport: Clicking on Actor (context menu): StaticMeshActor (Floor)
[2019.01.11-22.28.06:646][ 46]LogSlate: FSceneViewport::OnFocusLost() reason 2
[2019.01.11-22.28.07:124][ 89]LogSlate: FSceneViewport::OnFocusLost() reason 2
[2019.01.11-22.28.09:358][351]LogEditorViewport: Clicking on Actor (LMB): StaticMeshActor (Wall10)
[2019.01.11-22.28.19:702][556]LogSlate: FSceneViewport::OnFocusLost() reason 0
[2019.01.11-22.28.22:854][931]LogSlate: Took 0.000275 seconds to synchronously load lazily loaded font '../../../Engine/Content/Slate/Fonts/Roboto-Light.ttf' (167K)
[2019.01.11-22.28.23:146][931]LogSavePackage: Moving '../../../../../../Documents/GitHub/HeroicElite/Saved/ThirdPersonExampleMap96D5B01541CFA93FCF72E5A678C4B301.tmp' to '../../../../../../Documents/GitHub/HeroicElite/Content/ThirdPersonBP/Maps/ThirdPersonExampleMap.umap'
[2019.01.11-22.28.23:382][931]LogSavePackage: Moving '../../../../../../Documents/GitHub/HeroicElite/Saved/ThirdPersonExampleMap_BuiltDataEDF1E3A64CA95EDA888D1389C28ED062.tmp' to '../../../../../../Documents/GitHub/HeroicElite/Content/ThirdPersonBP/Maps/ThirdPersonExampleMap_BuiltData.uasset'
